[2020-09-15 21:00:04.428] [KHOJAYEV-PC] [main] INFO
                a.a.logging.LoggingApplication@logStarting:55 - Starting LoggingApplication on KHOJAYEV-PC with PID 13200 (E:\ATLAcademy\Java BE\project\spring-boot-logging\target\classes started by anarx in E:\ATLAcademy\Java BE\project\spring-boot-logging)
[2020-09-15 21:00:04.432] [KHOJAYEV-PC] [main] INFO
                a.a.logging.LoggingApplication@logStartupProfileInfo:651 - No active profile set, falling back to default profiles: default
[2020-09-15 21:00:05.471] [KHOJAYEV-PC] [main] INFO
                o.s.b.w.e.tomcat.TomcatWebServer@initialize:108 - Tomcat initialized with port(s): 8080 (http)
[2020-09-15 21:00:05.481] [KHOJAYEV-PC] [main] INFO
                o.a.coyote.http11.Http11NioProtocol@log:173 - Initializing ProtocolHandler ["http-nio-8080"]
[2020-09-15 21:00:05.482] [KHOJAYEV-PC] [main] INFO
                o.a.catalina.core.StandardService@log:173 - Starting service [Tomcat]
[2020-09-15 21:00:05.483] [KHOJAYEV-PC] [main] INFO
                o.a.catalina.core.StandardEngine@log:173 - Starting Servlet engine: [Apache Tomcat/9.0.37]
[2020-09-15 21:00:05.579] [KHOJAYEV-PC] [main] INFO
                o.a.c.c.C.[Tomcat].[localhost].[/]@log:173 - Initializing Spring embedded WebApplicationContext
[2020-09-15 21:00:05.579] [KHOJAYEV-PC] [main] INFO
                o.s.b.w.s.c.ServletWebServerApplicationContext@prepareWebApplicationContext:285 - Root WebApplicationContext: initialization completed in 1079 ms
[2020-09-15 21:00:05.740] [KHOJAYEV-PC] [main] INFO
                o.s.s.c.ThreadPoolTaskExecutor@initialize:181 - Initializing ExecutorService 'applicationTaskExecutor'
[2020-09-15 21:00:05.866] [KHOJAYEV-PC] [main] INFO
                o.a.coyote.http11.Http11NioProtocol@log:173 - Starting ProtocolHandler ["http-nio-8080"]
[2020-09-15 21:00:05.885] [KHOJAYEV-PC] [main] INFO
                o.s.b.w.e.tomcat.TomcatWebServer@start:220 - Tomcat started on port(s): 8080 (http) with context path ''
[2020-09-15 21:00:05.895] [KHOJAYEV-PC] [main] INFO
                a.a.logging.LoggingApplication@logStarted:61 - Started LoggingApplication in 1.985 seconds (JVM running for 3.776)
[2020-09-15 21:01:26.927] [KHOJAYEV-PC] [main] INFO
                a.a.logging.LoggingApplication@logStarting:55 - Starting LoggingApplication on KHOJAYEV-PC with PID 3756 (E:\ATLAcademy\Java BE\project\spring-boot-logging\target\classes started by anarx in E:\ATLAcademy\Java BE\project\spring-boot-logging)
[2020-09-15 21:01:26.931] [KHOJAYEV-PC] [main] INFO
                a.a.logging.LoggingApplication@logStartupProfileInfo:651 - No active profile set, falling back to default profiles: default
[2020-09-15 21:01:27.843] [KHOJAYEV-PC] [main] INFO
                o.s.b.w.e.tomcat.TomcatWebServer@initialize:108 - Tomcat initialized with port(s): 8080 (http)
[2020-09-15 21:01:27.850] [KHOJAYEV-PC] [main] INFO
                o.a.coyote.http11.Http11NioProtocol@log:173 - Initializing ProtocolHandler ["http-nio-8080"]
[2020-09-15 21:01:27.850] [KHOJAYEV-PC] [main] INFO
                o.a.catalina.core.StandardService@log:173 - Starting service [Tomcat]
[2020-09-15 21:01:27.851] [KHOJAYEV-PC] [main] INFO
                o.a.catalina.core.StandardEngine@log:173 - Starting Servlet engine: [Apache Tomcat/9.0.37]
[2020-09-15 21:01:27.920] [KHOJAYEV-PC] [main] INFO
                o.a.c.c.C.[Tomcat].[localhost].[/]@log:173 - Initializing Spring embedded WebApplicationContext
[2020-09-15 21:01:27.921] [KHOJAYEV-PC] [main] INFO
                o.s.b.w.s.c.ServletWebServerApplicationContext@prepareWebApplicationContext:285 - Root WebApplicationContext: initialization completed in 937 ms
[2020-09-15 21:01:28.065] [KHOJAYEV-PC] [main] INFO
                o.s.s.c.ThreadPoolTaskExecutor@initialize:181 - Initializing ExecutorService 'applicationTaskExecutor'
[2020-09-15 21:01:28.182] [KHOJAYEV-PC] [main] INFO
                o.a.coyote.http11.Http11NioProtocol@log:173 - Starting ProtocolHandler ["http-nio-8080"]
[2020-09-15 21:01:28.205] [KHOJAYEV-PC] [main] INFO
                o.s.b.w.e.tomcat.TomcatWebServer@start:220 - Tomcat started on port(s): 8080 (http) with context path ''
[2020-09-15 21:01:28.217] [KHOJAYEV-PC] [main] INFO
                a.a.logging.LoggingApplication@logStarted:61 - Started LoggingApplication in 1.755 seconds (JVM running for 3.304)
[2020-09-15 21:27:48.648] [KHOJAYEV-PC] [http-nio-8080-exec-2] INFO
                o.a.c.c.C.[Tomcat].[localhost].[/]@log:173 - Initializing Spring DispatcherServlet 'dispatcherServlet'
[2020-09-15 21:27:48.671] [KHOJAYEV-PC] [http-nio-8080-exec-2] INFO
                o.s.web.servlet.DispatcherServlet@initServletBean:525 - Initializing Servlet 'dispatcherServlet'
[2020-09-15 21:27:48.914] [KHOJAYEV-PC] [http-nio-8080-exec-2] INFO
                o.s.web.servlet.DispatcherServlet@initServletBean:547 - Completed initialization in 242 ms
[2020-09-15 21:27:49.312] [KHOJAYEV-PC] [http-nio-8080-exec-4] INFO
                a.a.logging.controller.MyController@getHello:20 - name  Anars 
[2020-09-15 21:27:49.312] [KHOJAYEV-PC] [http-nio-8080-exec-2] INFO
                a.a.logging.controller.MyController@getHello:20 - name  Anars 
[2020-09-15 21:27:49.315] [KHOJAYEV-PC] [http-nio-8080-exec-2] WARN
                a.a.logging.controller.MyController@getHello:21 - name Anars 
[2020-09-15 21:27:49.315] [KHOJAYEV-PC] [http-nio-8080-exec-4] WARN
                a.a.logging.controller.MyController@getHello:21 - name Anars 
[2020-09-15 21:27:49.618] [KHOJAYEV-PC] [http-nio-8080-exec-3] INFO
                a.a.logging.controller.MyController@getHello:20 - name  Anars 
[2020-09-15 21:27:49.618] [KHOJAYEV-PC] [http-nio-8080-exec-3] WARN
                a.a.logging.controller.MyController@getHello:21 - name Anars 
[2020-09-15 21:27:49.761] [KHOJAYEV-PC] [http-nio-8080-exec-6] INFO
                a.a.logging.controller.MyController@getHello:20 - name  Anars 
[2020-09-15 21:27:49.762] [KHOJAYEV-PC] [http-nio-8080-exec-6] WARN
                a.a.logging.controller.MyController@getHello:21 - name Anars 
[2020-09-15 21:38:25.590] [KHOJAYEV-PC] [http-nio-8080-exec-8] INFO
                a.a.logging.controller.MyController@getHello:20 - name  Anars 
[2020-09-15 21:38:25.590] [KHOJAYEV-PC] [http-nio-8080-exec-9] INFO
                a.a.logging.controller.MyController@getHello:20 - name  Anars 
[2020-09-15 21:38:25.713] [KHOJAYEV-PC] [http-nio-8080-exec-8] WARN
                a.a.logging.controller.MyController@getHello:21 - name Anars 
[2020-09-15 21:38:25.713] [KHOJAYEV-PC] [http-nio-8080-exec-9] WARN
                a.a.logging.controller.MyController@getHello:21 - name Anars 
[2020-09-15 21:39:37.144] [KHOJAYEV-PC] [http-nio-8080-exec-2] INFO
                a.a.logging.controller.MyController@getHello:20 - name  Anars 
[2020-09-15 21:39:37.145] [KHOJAYEV-PC] [http-nio-8080-exec-2] WARN
                a.a.logging.controller.MyController@getHello:21 - name Anars 
[2020-09-15 21:39:37.303] [KHOJAYEV-PC] [http-nio-8080-exec-4] INFO
                a.a.logging.controller.MyController@getHello:20 - name  Anars 
[2020-09-15 21:39:37.304] [KHOJAYEV-PC] [http-nio-8080-exec-4] WARN
                a.a.logging.controller.MyController@getHello:21 - name Anars 
[2020-09-15 21:39:37.406] [KHOJAYEV-PC] [http-nio-8080-exec-3] INFO
                a.a.logging.controller.MyController@getHello:20 - name  Anars 
[2020-09-15 21:39:37.408] [KHOJAYEV-PC] [http-nio-8080-exec-3] WARN
                a.a.logging.controller.MyController@getHello:21 - name Anars 
[2020-09-15 21:39:37.563] [KHOJAYEV-PC] [http-nio-8080-exec-6] INFO
                a.a.logging.controller.MyController@getHello:20 - name  Anars 
[2020-09-15 21:39:37.564] [KHOJAYEV-PC] [http-nio-8080-exec-6] WARN
                a.a.logging.controller.MyController@getHello:21 - name Anars 
[2020-09-15 21:39:37.708] [KHOJAYEV-PC] [http-nio-8080-exec-5] INFO
                a.a.logging.controller.MyController@getHello:20 - name  Anars 
[2020-09-15 21:39:37.709] [KHOJAYEV-PC] [http-nio-8080-exec-5] WARN
                a.a.logging.controller.MyController@getHello:21 - name Anars 
[2020-09-15 21:39:37.852] [KHOJAYEV-PC] [http-nio-8080-exec-7] INFO
                a.a.logging.controller.MyController@getHello:20 - name  Anars 
[2020-09-15 21:39:37.878] [KHOJAYEV-PC] [http-nio-8080-exec-7] WARN
                a.a.logging.controller.MyController@getHello:21 - name Anars 
[2020-09-15 21:39:37.988] [KHOJAYEV-PC] [http-nio-8080-exec-9] INFO
                a.a.logging.controller.MyController@getHello:20 - name  Anars 
[2020-09-15 21:39:37.989] [KHOJAYEV-PC] [http-nio-8080-exec-9] WARN
                a.a.logging.controller.MyController@getHello:21 - name Anars 
[2020-09-15 21:39:38.117] [KHOJAYEV-PC] [http-nio-8080-exec-8] INFO
                a.a.logging.controller.MyController@getHello:20 - name  Anars 
[2020-09-15 21:39:38.118] [KHOJAYEV-PC] [http-nio-8080-exec-8] WARN
                a.a.logging.controller.MyController@getHello:21 - name Anars 
[2020-09-15 21:39:38.246] [KHOJAYEV-PC] [http-nio-8080-exec-10] INFO
                a.a.logging.controller.MyController@getHello:20 - name  Anars 
[2020-09-15 21:39:38.247] [KHOJAYEV-PC] [http-nio-8080-exec-10] WARN
                a.a.logging.controller.MyController@getHello:21 - name Anars 
[2020-09-15 21:39:38.533] [KHOJAYEV-PC] [http-nio-8080-exec-1] INFO
                a.a.logging.controller.MyController@getHello:20 - name  Anars 
[2020-09-15 21:39:38.534] [KHOJAYEV-PC] [http-nio-8080-exec-1] WARN
                a.a.logging.controller.MyController@getHello:21 - name Anars 
[2020-09-15 21:39:38.649] [KHOJAYEV-PC] [http-nio-8080-exec-2] INFO
                a.a.logging.controller.MyController@getHello:20 - name  Anars 
[2020-09-15 21:39:38.650] [KHOJAYEV-PC] [http-nio-8080-exec-2] WARN
                a.a.logging.controller.MyController@getHello:21 - name Anars 
[2020-09-15 21:39:38.804] [KHOJAYEV-PC] [http-nio-8080-exec-4] INFO
                a.a.logging.controller.MyController@getHello:20 - name  Anars 
[2020-09-15 21:39:38.805] [KHOJAYEV-PC] [http-nio-8080-exec-4] WARN
                a.a.logging.controller.MyController@getHello:21 - name Anars 
[2020-09-15 21:39:38.947] [KHOJAYEV-PC] [http-nio-8080-exec-3] INFO
                a.a.logging.controller.MyController@getHello:20 - name  Anars 
[2020-09-15 21:39:38.948] [KHOJAYEV-PC] [http-nio-8080-exec-3] WARN
                a.a.logging.controller.MyController@getHello:21 - name Anars 
[2020-09-15 21:39:39.087] [KHOJAYEV-PC] [http-nio-8080-exec-6] INFO
                a.a.logging.controller.MyController@getHello:20 - name  Anars 
[2020-09-15 21:39:39.089] [KHOJAYEV-PC] [http-nio-8080-exec-6] WARN
                a.a.logging.controller.MyController@getHello:21 - name Anars 
[2020-09-15 21:39:39.233] [KHOJAYEV-PC] [http-nio-8080-exec-5] INFO
                a.a.logging.controller.MyController@getHello:20 - name  Anars 
[2020-09-15 21:39:39.235] [KHOJAYEV-PC] [http-nio-8080-exec-5] WARN
                a.a.logging.controller.MyController@getHello:21 - name Anars 
[2020-09-15 21:39:39.385] [KHOJAYEV-PC] [http-nio-8080-exec-7] INFO
                a.a.logging.controller.MyController@getHello:20 - name  Anars 
[2020-09-15 21:39:39.386] [KHOJAYEV-PC] [http-nio-8080-exec-7] WARN
                a.a.logging.controller.MyController@getHello:21 - name Anars 
[2020-09-15 21:39:39.527] [KHOJAYEV-PC] [http-nio-8080-exec-9] INFO
                a.a.logging.controller.MyController@getHello:20 - name  Anars 
[2020-09-15 21:39:39.529] [KHOJAYEV-PC] [http-nio-8080-exec-9] WARN
                a.a.logging.controller.MyController@getHello:21 - name Anars 
[2020-09-15 21:39:39.688] [KHOJAYEV-PC] [http-nio-8080-exec-8] INFO
                a.a.logging.controller.MyController@getHello:20 - name  Anars 
[2020-09-15 21:39:39.690] [KHOJAYEV-PC] [http-nio-8080-exec-8] WARN
                a.a.logging.controller.MyController@getHello:21 - name Anars 
[2020-09-15 21:39:39.847] [KHOJAYEV-PC] [http-nio-8080-exec-10] INFO
                a.a.logging.controller.MyController@getHello:20 - name  Anars 
[2020-09-15 21:39:39.848] [KHOJAYEV-PC] [http-nio-8080-exec-10] WARN
                a.a.logging.controller.MyController@getHello:21 - name Anars 
[2020-09-15 21:39:39.986] [KHOJAYEV-PC] [http-nio-8080-exec-1] INFO
                a.a.logging.controller.MyController@getHello:20 - name  Anars 
[2020-09-15 21:39:39.986] [KHOJAYEV-PC] [http-nio-8080-exec-1] WARN
                a.a.logging.controller.MyController@getHello:21 - name Anars 
[2020-09-15 21:45:59.249] [KHOJAYEV-PC] [http-nio-8080-exec-6] INFO
                a.a.logging.controller.MyController@getHello:20 - name  Anars 
[2020-09-15 21:45:59.250] [KHOJAYEV-PC] [http-nio-8080-exec-6] WARN
                a.a.logging.controller.MyController@getHello:21 - name Anars 
[2020-09-15 21:45:59.416] [KHOJAYEV-PC] [http-nio-8080-exec-7] INFO
                a.a.logging.controller.MyController@getHello:20 - name  Anars 
[2020-09-15 21:45:59.417] [KHOJAYEV-PC] [http-nio-8080-exec-7] WARN
                a.a.logging.controller.MyController@getHello:21 - name Anars 
[2020-09-15 21:45:59.674] [KHOJAYEV-PC] [http-nio-8080-exec-8] INFO
                a.a.logging.controller.MyController@getHello:20 - name  Anars 
[2020-09-15 21:45:59.675] [KHOJAYEV-PC] [http-nio-8080-exec-8] WARN
                a.a.logging.controller.MyController@getHello:21 - name Anars 
[2020-09-15 21:45:59.836] [KHOJAYEV-PC] [http-nio-8080-exec-1] INFO
                a.a.logging.controller.MyController@getHello:20 - name  Anars 
[2020-09-15 21:45:59.837] [KHOJAYEV-PC] [http-nio-8080-exec-1] WARN
                a.a.logging.controller.MyController@getHello:21 - name Anars 
[2020-09-15 21:46:00.013] [KHOJAYEV-PC] [http-nio-8080-exec-4] INFO
                a.a.logging.controller.MyController@getHello:20 - name  Anars 
[2020-09-15 21:46:00.015] [KHOJAYEV-PC] [http-nio-8080-exec-4] WARN
                a.a.logging.controller.MyController@getHello:21 - name Anars 
[2020-09-15 21:46:00.214] [KHOJAYEV-PC] [http-nio-8080-exec-6] INFO
                a.a.logging.controller.MyController@getHello:20 - name  Anars 
[2020-09-15 21:46:00.215] [KHOJAYEV-PC] [http-nio-8080-exec-6] WARN
                a.a.logging.controller.MyController@getHello:21 - name Anars 
[2020-09-15 21:46:00.450] [KHOJAYEV-PC] [http-nio-8080-exec-8] INFO
                a.a.logging.controller.MyController@getHello:20 - name  Anars 
[2020-09-15 21:46:00.451] [KHOJAYEV-PC] [http-nio-8080-exec-8] WARN
                a.a.logging.controller.MyController@getHello:21 - name Anars 
[2020-09-15 21:46:00.635] [KHOJAYEV-PC] [http-nio-8080-exec-4] INFO
                a.a.logging.controller.MyController@getHello:20 - name  Anars 
[2020-09-15 21:46:00.636] [KHOJAYEV-PC] [http-nio-8080-exec-4] WARN
                a.a.logging.controller.MyController@getHello:21 - name Anars 
[2020-09-15 21:46:00.833] [KHOJAYEV-PC] [http-nio-8080-exec-8] INFO
                a.a.logging.controller.MyController@getHello:20 - name  Anars 
[2020-09-15 21:46:00.834] [KHOJAYEV-PC] [http-nio-8080-exec-8] WARN
                a.a.logging.controller.MyController@getHello:21 - name Anars 
[2020-09-15 21:46:01.045] [KHOJAYEV-PC] [http-nio-8080-exec-8] INFO
                a.a.logging.controller.MyController@getHello:20 - name  Anars 
[2020-09-15 21:46:01.046] [KHOJAYEV-PC] [http-nio-8080-exec-8] WARN
                a.a.logging.controller.MyController@getHello:21 - name Anars 
[2020-09-15 21:46:01.241] [KHOJAYEV-PC] [http-nio-8080-exec-11] INFO
                a.a.logging.controller.MyController@getHello:20 - name  Anars 
[2020-09-15 21:46:01.243] [KHOJAYEV-PC] [http-nio-8080-exec-11] WARN
                a.a.logging.controller.MyController@getHello:21 - name Anars 
[2020-09-15 21:46:01.527] [KHOJAYEV-PC] [http-nio-8080-exec-8] INFO
                a.a.logging.controller.MyController@getHello:20 - name  Anars 
[2020-09-15 21:46:01.529] [KHOJAYEV-PC] [http-nio-8080-exec-8] WARN
                a.a.logging.controller.MyController@getHello:21 - name Anars 
[2020-09-15 21:46:01.677] [KHOJAYEV-PC] [http-nio-8080-exec-11] INFO
                a.a.logging.controller.MyController@getHello:20 - name  Anars 
[2020-09-15 21:46:01.679] [KHOJAYEV-PC] [http-nio-8080-exec-11] WARN
                a.a.logging.controller.MyController@getHello:21 - name Anars 
[2020-09-15 21:46:01.808] [KHOJAYEV-PC] [http-nio-8080-exec-5] INFO
                a.a.logging.controller.MyController@getHello:20 - name  Anars 
[2020-09-15 21:46:01.809] [KHOJAYEV-PC] [http-nio-8080-exec-5] WARN
                a.a.logging.controller.MyController@getHello:21 - name Anars 
[2020-09-15 21:46:01.975] [KHOJAYEV-PC] [http-nio-8080-exec-9] INFO
                a.a.logging.controller.MyController@getHello:20 - name  Anars 
[2020-09-15 21:46:01.976] [KHOJAYEV-PC] [http-nio-8080-exec-9] WARN
                a.a.logging.controller.MyController@getHello:21 - name Anars 
[2020-09-15 21:46:02.102] [KHOJAYEV-PC] [http-nio-8080-exec-4] INFO
                a.a.logging.controller.MyController@getHello:20 - name  Anars 
[2020-09-15 21:46:02.106] [KHOJAYEV-PC] [http-nio-8080-exec-4] WARN
                a.a.logging.controller.MyController@getHello:21 - name Anars 
[2020-09-15 21:46:02.272] [KHOJAYEV-PC] [http-nio-8080-exec-3] INFO
                a.a.logging.controller.MyController@getHello:20 - name  Anars 
[2020-09-15 21:46:02.273] [KHOJAYEV-PC] [http-nio-8080-exec-3] WARN
                a.a.logging.controller.MyController@getHello:21 - name Anars 
[2020-09-15 21:46:02.431] [KHOJAYEV-PC] [http-nio-8080-exec-1] INFO
                a.a.logging.controller.MyController@getHello:20 - name  Anars 
[2020-09-15 21:46:02.432] [KHOJAYEV-PC] [http-nio-8080-exec-1] WARN
                a.a.logging.controller.MyController@getHello:21 - name Anars 
[2020-09-15 21:46:02.587] [KHOJAYEV-PC] [http-nio-8080-exec-7] INFO
                a.a.logging.controller.MyController@getHello:20 - name  Anars 
[2020-09-15 21:46:02.591] [KHOJAYEV-PC] [http-nio-8080-exec-7] WARN
                a.a.logging.controller.MyController@getHello:21 - name Anars 
[2020-09-15 21:46:02.813] [KHOJAYEV-PC] [http-nio-8080-exec-10] INFO
                a.a.logging.controller.MyController@getHello:20 - name  Anars 
[2020-09-15 21:46:02.814] [KHOJAYEV-PC] [http-nio-8080-exec-10] WARN
                a.a.logging.controller.MyController@getHello:21 - name Anars 
[2020-09-15 21:46:03.629] [KHOJAYEV-PC] [http-nio-8080-exec-6] INFO
                a.a.logging.controller.MyController@getHello:20 - name  Anars 
[2020-09-15 21:46:03.629] [KHOJAYEV-PC] [http-nio-8080-exec-6] WARN
                a.a.logging.controller.MyController@getHello:21 - name Anars 
[2020-09-15 21:46:03.799] [KHOJAYEV-PC] [http-nio-8080-exec-2] INFO
                a.a.logging.controller.MyController@getHello:20 - name  Anars 
[2020-09-15 21:46:03.800] [KHOJAYEV-PC] [http-nio-8080-exec-2] WARN
                a.a.logging.controller.MyController@getHello:21 - name Anars 
[2020-09-15 21:46:03.957] [KHOJAYEV-PC] [http-nio-8080-exec-8] INFO
                a.a.logging.controller.MyController@getHello:20 - name  Anars 
[2020-09-15 21:46:03.958] [KHOJAYEV-PC] [http-nio-8080-exec-8] WARN
                a.a.logging.controller.MyController@getHello:21 - name Anars 
[2020-09-15 21:47:33.973] [KHOJAYEV-PC] [http-nio-8080-exec-4] INFO
                a.a.logging.controller.MyController@getHello:20 - name  Anars 
[2020-09-15 21:47:33.974] [KHOJAYEV-PC] [http-nio-8080-exec-4] WARN
                a.a.logging.controller.MyController@getHello:21 - name Anars 
[2020-09-15 21:47:34.125] [KHOJAYEV-PC] [http-nio-8080-exec-3] INFO
                a.a.logging.controller.MyController@getHello:20 - name  Anars 
[2020-09-15 21:47:34.126] [KHOJAYEV-PC] [http-nio-8080-exec-3] WARN
                a.a.logging.controller.MyController@getHello:21 - name Anars 
[2020-09-15 21:47:34.242] [KHOJAYEV-PC] [http-nio-8080-exec-1] INFO
                a.a.logging.controller.MyController@getHello:20 - name  Anars 
[2020-09-15 21:47:34.242] [KHOJAYEV-PC] [http-nio-8080-exec-1] WARN
                a.a.logging.controller.MyController@getHello:21 - name Anars 
[2020-09-15 21:47:34.389] [KHOJAYEV-PC] [http-nio-8080-exec-7] INFO
                a.a.logging.controller.MyController@getHello:20 - name  Anars 
[2020-09-15 21:47:34.390] [KHOJAYEV-PC] [http-nio-8080-exec-7] WARN
                a.a.logging.controller.MyController@getHello:21 - name Anars 
[2020-09-15 21:47:34.628] [KHOJAYEV-PC] [http-nio-8080-exec-10] INFO
                a.a.logging.controller.MyController@getHello:20 - name  Anars 
[2020-09-15 21:47:34.629] [KHOJAYEV-PC] [http-nio-8080-exec-10] WARN
                a.a.logging.controller.MyController@getHello:21 - name Anars 
[2020-09-15 21:47:34.766] [KHOJAYEV-PC] [http-nio-8080-exec-6] INFO
                a.a.logging.controller.MyController@getHello:20 - name  Anars 
[2020-09-15 21:47:34.768] [KHOJAYEV-PC] [http-nio-8080-exec-6] WARN
                a.a.logging.controller.MyController@getHello:21 - name Anars 
[2020-09-15 21:47:34.890] [KHOJAYEV-PC] [http-nio-8080-exec-2] INFO
                a.a.logging.controller.MyController@getHello:20 - name  Anars 
[2020-09-15 21:47:34.891] [KHOJAYEV-PC] [http-nio-8080-exec-2] WARN
                a.a.logging.controller.MyController@getHello:21 - name Anars 
[2020-09-15 21:47:35.038] [KHOJAYEV-PC] [http-nio-8080-exec-8] INFO
                a.a.logging.controller.MyController@getHello:20 - name  Anars 
[2020-09-15 21:47:35.039] [KHOJAYEV-PC] [http-nio-8080-exec-8] WARN
                a.a.logging.controller.MyController@getHello:21 - name Anars 
[2020-09-15 21:47:35.151] [KHOJAYEV-PC] [http-nio-8080-exec-11] INFO
                a.a.logging.controller.MyController@getHello:20 - name  Anars 
[2020-09-15 21:47:35.153] [KHOJAYEV-PC] [http-nio-8080-exec-11] WARN
                a.a.logging.controller.MyController@getHello:21 - name Anars 
[2020-09-15 21:47:35.273] [KHOJAYEV-PC] [http-nio-8080-exec-9] INFO
                a.a.logging.controller.MyController@getHello:20 - name  Anars 
[2020-09-15 21:47:35.274] [KHOJAYEV-PC] [http-nio-8080-exec-9] WARN
                a.a.logging.controller.MyController@getHello:21 - name Anars 
[2020-09-15 21:47:35.417] [KHOJAYEV-PC] [http-nio-8080-exec-4] INFO
                a.a.logging.controller.MyController@getHello:20 - name  Anars 
[2020-09-15 21:47:35.419] [KHOJAYEV-PC] [http-nio-8080-exec-4] WARN
                a.a.logging.controller.MyController@getHello:21 - name Anars 
